SeriesGuide/build/outputs/logs/manifest-merger-amazon-debug-report.txt
-- Merging decision tree log ---
manifest
ADDED from src/main/AndroidManifest.xml:2:1-397:12
	package
		ADDED from src/main/AndroidManifest.xml:4:5-43
		INJECTED from src/main/AndroidManifest.xml
		ADDED from src/main/AndroidManifest.xml:4:5-43
		INJECTED from src/amazon/AndroidManifest.xml
	android:versionName
		INJECTED from src/main/AndroidManifest.xml
		ADDED from src/main/AndroidManifest.xml:2:1-397:12
		INJECTED from src/amazon/AndroidManifest.xml
	xmlns:tools
		ADDED from src/main/AndroidManifest.xml:3:5-51
		ADDED from src/main/AndroidManifest.xml:3:5-51
	xmlns:android
		ADDED from src/main/AndroidManifest.xml:2:11-69
	android:versionCode
		INJECTED from src/main/AndroidManifest.xml
		ADDED from src/main/AndroidManifest.xml:2:1-397:12
		INJECTED from src/amazon/AndroidManifest.xml
uses-permission#android.permission.ACCESS_NETWORK_STATE
ADDED from src/main/AndroidManifest.xml:6:5-79
MERGED from [com.google.android.gms:play-services-analytics:10.2.1] AndroidManifest.xml:21:5-78
MERGED from [com.google.android.gms:play-services-analytics-impl:10.2.1] AndroidManifest.xml:21:5-78
	android:name
		ADDED from src/main/AndroidManifest.xml:6:22-76
uses-permission#android.permission.INTERNET
ADDED from src/main/AndroidManifest.xml:7:5-67
MERGED from [com.crashlytics.sdk.android:crashlytics:2.6.8] AndroidManifest.xml:9:5-67
MERGED from [com.crashlytics.sdk.android:beta:1.2.5] AndroidManifest.xml:9:5-67
MERGED from [com.crashlytics.sdk.android:crashlytics-core:2.3.17] AndroidManifest.xml:52:5-67
MERGED from [com.crashlytics.sdk.android:answers:1.3.13] AndroidManifest.xml:9:5-67
MERGED from [io.fabric.sdk.android:fabric:1.3.17] AndroidManifest.xml:29:5-67
MERGED from [com.google.android.gms:play-services-analytics:10.2.1] AndroidManifest.xml:20:5-66
MERGED from [com.google.android.gms:play-services-analytics-impl:10.2.1] AndroidManifest.xml:20:5-66
	android:name
		ADDED from src/main/AndroidManifest.xml:7:22-64
uses-permission#android.permission.WAKE_LOCK
ADDED from src/main/AndroidManifest.xml:8:5-68
MERGED from [com.google.android.gms:play-services-analytics:10.2.1] AndroidManifest.xml:24:5-67
MERGED from [com.google.android.gms:play-services-analytics-impl:10.2.1] AndroidManifest.xml:24:5-67
	android:name
		ADDED from src/main/AndroidManifest.xml:8:22-65
uses-permission#android.permission.READ_EXTERNAL_STORAGE
ADDED from src/main/AndroidManifest.xml:9:5-80
	android:name
		ADDED from src/main/AndroidManifest.xml:9:22-77
uses-permission#android.permission.WRITE_EXTERNAL_STORAGE
ADDED from src/main/AndroidManifest.xml:10:5-81
	android:name
		ADDED from src/main/AndroidManifest.xml:10:22-78
uses-permission#android.permission.RECEIVE_BOOT_COMPLETED
ADDED from src/main/AndroidManifest.xml:12:5-81
	android:name
		ADDED from src/main/AndroidManifest.xml:12:22-78
uses-permission#android.permission.VIBRATE
ADDED from src/main/AndroidManifest.xml:13:5-66
	android:name
		ADDED from src/main/AndroidManifest.xml:13:22-63
uses-permission#android.permission.GET_ACCOUNTS
ADDED from src/main/AndroidManifest.xml:15:5-98
	android:maxSdkVersion
		ADDED from src/main/AndroidManifest.xml:15:69-95
	android:name
		ADDED from src/main/AndroidManifest.xml:15:22-68
uses-permission#android.permission.MANAGE_ACCOUNTS
ADDED from src/main/AndroidManifest.xml:16:5-101
	android:maxSdkVersion
		ADDED from src/main/AndroidManifest.xml:16:72-98
	android:name
		ADDED from src/main/AndroidManifest.xml:16:22-71
uses-permission#android.permission.AUTHENTICATE_ACCOUNTS
ADDED from src/main/AndroidManifest.xml:17:5-107
	android:maxSdkVersion
		ADDED from src/main/AndroidManifest.xml:17:78-104
	android:name
		ADDED from src/main/AndroidManifest.xml:17:22-77
uses-permission#android.permission.READ_SYNC_STATS
ADDED from src/main/AndroidManifest.xml:18:5-74
	android:name
		ADDED from src/main/AndroidManifest.xml:18:22-71
uses-permission#android.permission.READ_SYNC_SETTINGS
ADDED from src/main/AndroidManifest.xml:19:5-77
	android:name
		ADDED from src/main/AndroidManifest.xml:19:22-74
uses-permission#android.permission.WRITE_SYNC_SETTINGS
ADDED from src/main/AndroidManifest.xml:20:5-78
	android:name
		ADDED from src/main/AndroidManifest.xml:20:22-75
uses-permission#android.permission.NFC
ADDED from src/main/AndroidManifest.xml:22:5-62
	android:name
		ADDED from src/main/AndroidManifest.xml:22:22-59
uses-permission#com.android.launcher.permission.INSTALL_SHORTCUT
ADDED from src/main/AndroidManifest.xml:24:5-88
	android:name
		ADDED from src/main/AndroidManifest.xml:24:22-85
uses-feature#android.hardware.touchscreen
ADDED from src/main/AndroidManifest.xml:26:5-28:36
	android:required
		ADDED from src/main/AndroidManifest.xml:28:9-33
	android:name
		ADDED from src/main/AndroidManifest.xml:27:9-52
application
ADDED from src/main/AndroidManifest.xml:30:5-395:19
MERGED from src/main/AndroidManifest.xml:30:5-395:19
MERGED from [com.crashlytics.sdk.android:crashlytics:2.6.8] AndroidManifest.xml:11:5-20
MERGED from [com.crashlytics.sdk.android:beta:1.2.5] AndroidManifest.xml:11:5-20
MERGED from [com.crashlytics.sdk.android:crashlytics-core:2.3.17] AndroidManifest.xml:54:5-20
MERGED from [com.crashlytics.sdk.android:answers:1.3.13] AndroidManifest.xml:11:5-20
MERGED from [io.fabric.sdk.android:fabric:1.3.17] AndroidManifest.xml:31:5-20
MERGED from [com.github.castorflex.smoothprogressbar:library:1.1.0] AndroidManifest.xml:12:5-20
MERGED from [com.jakewharton.threetenabp:threetenabp:1.0.5] AndroidManifest.xml:8:5-20
MERGED from [com.jakewharton.timber:timber:4.5.1] AndroidManifest.xml:8:5-20
MERGED from [io.palaima.debugdrawer:debugdrawer-commons:0.7.0] AndroidManifest.xml:11:5-12:19
MERGED from [io.palaima.debugdrawer:debugdrawer-actions:0.7.0] AndroidManifest.xml:11:5-12:19
MERGED from [io.palaima.debugdrawer:debugdrawer-timber:0.7.0] AndroidManifest.xml:11:5-47
MERGED from [com.android.support:cardview-v7:25.3.1] AndroidManifest.xml:26:5-20
MERGED from [com.android.support:customtabs:25.3.1] AndroidManifest.xml:26:5-20
MERGED from [com.android.support:design:25.3.1] AndroidManifest.xml:29:5-20
MERGED from [com.android.support:appcompat-v7:25.3.1] AndroidManifest.xml:29:5-20
MERGED from [com.android.support:animated-vector-drawable:25.3.1] AndroidManifest.xml:26:5-20
MERGED from [com.android.support:support-vector-drawable:25.3.1] AndroidManifest.xml:26:5-20
MERGED from [com.android.support:transition:25.3.1] AndroidManifest.xml:26:5-20
MERGED from [com.android.support:palette-v7:25.3.1] AndroidManifest.xml:26:5-20
MERGED from [com.android.support.constraint:constraint-layout:1.0.2] AndroidManifest.xml:9:5-20
MERGED from [com.google.android.gms:play-services-analytics:10.2.1] AndroidManifest.xml:26:5-19
MERGED from [com.google.android.gms:play-services-tagmanager-v4-impl:10.2.1] AndroidManifest.xml:19:5-19
MERGED from [com.google.android.gms:play-services-analytics-impl:10.2.1] AndroidManifest.xml:26:5-19
MERGED from [com.google.android.gms:play-services-auth:10.2.1] AndroidManifest.xml:19:5-25:19
MERGED from [com.google.android.gms:play-services-base:10.2.1] AndroidManifest.xml:18:5-20:19
MERGED from [com.google.android.gms:play-services-tasks:10.2.1] AndroidManifest.xml:4:5-19
MERGED from [com.google.android.gms:play-services-basement:10.2.1] AndroidManifest.xml:19:5-21:19
MERGED from [com.android.support:support-v4:25.3.1] AndroidManifest.xml:29:5-20
MERGED from [com.android.support:support-fragment:25.3.1] AndroidManifest.xml:29:5-20
MERGED from [com.android.support:support-media-compat:25.3.1] AndroidManifest.xml:29:5-20
MERGED from [com.android.support:support-core-ui:25.3.1] AndroidManifest.xml:29:5-20
MERGED from [com.android.support:support-core-utils:25.3.1] AndroidManifest.xml:29:5-20
MERGED from [com.android.support:support-compat:25.3.1] AndroidManifest.xml:29:5-20
MERGED from [io.palaima.debugdrawer:debugdrawer-view:0.7.0] AndroidManifest.xml:11:5-12:19
MERGED from [io.palaima.debugdrawer:debugdrawer-base:0.7.0] AndroidManifest.xml:11:5-12:19
	android:backupAgent
		ADDED from src/main/AndroidManifest.xml:33:9-76
		ADDED from src/main/AndroidManifest.xml:33:9-76
	android:label
		ADDED from src/main/AndroidManifest.xml:37:9-41
		ADDED from src/main/AndroidManifest.xml:37:9-41
	android:supportsRtl
		ADDED from src/main/AndroidManifest.xml:40:9-36
		ADDED from src/main/AndroidManifest.xml:40:9-36
	android:hardwareAccelerated
		ADDED from src/main/AndroidManifest.xml:35:9-43
		ADDED from src/main/AndroidManifest.xml:35:9-43
	android:roundIcon
		ADDED from src/main/AndroidManifest.xml:39:9-54
		ADDED from src/main/AndroidManifest.xml:39:9-54
	tools:ignore
		ADDED from src/main/AndroidManifest.xml:42:9-51
		ADDED from src/main/AndroidManifest.xml:42:9-51
	android:allowBackup
		ADDED from src/main/AndroidManifest.xml:32:9-35
		ADDED from src/main/AndroidManifest.xml:32:9-35
	android:icon
		ADDED from src/main/AndroidManifest.xml:36:9-45
		ADDED from src/main/AndroidManifest.xml:36:9-45
	android:restrictedAccountType
		ADDED from src/main/AndroidManifest.xml:38:9-57
		INJECTED from src/main/AndroidManifest.xml
		ADDED from src/main/AndroidManifest.xml:38:9-57
	android:theme
		ADDED from src/main/AndroidManifest.xml:41:9-49
		ADDED from src/main/AndroidManifest.xml:41:9-49
	android:fullBackupOnly
		ADDED from src/main/AndroidManifest.xml:34:9-38
		ADDED from src/main/AndroidManifest.xml:34:9-38
	android:name
		ADDED from src/main/AndroidManifest.xml:31:9-58
		ADDED from src/main/AndroidManifest.xml:31:9-58
meta-data#com.samsung.android.sdk.multiwindow.enable
ADDED from src/main/AndroidManifest.xml:45:9-47:36
	android:value
		ADDED from src/main/AndroidManifest.xml:47:13-33
	android:name
		ADDED from src/main/AndroidManifest.xml:46:13-70
provider#com.battlelancer.seriesguide.provider.SeriesGuideProvider
ADDED from src/main/AndroidManifest.xml:50:9-54:54
	android:authorities
		ADDED from src/main/AndroidManifest.xml:52:13-60
		INJECTED from src/main/AndroidManifest.xml
	android:exported
		ADDED from src/main/AndroidManifest.xml:53:13-36
	tools:ignore
		ADDED from src/main/AndroidManifest.xml:54:13-51
	android:name
		ADDED from src/main/AndroidManifest.xml:51:13-85
activity#com.battlelancer.seriesguide.ui.ShowsActivity
ADDED from src/main/AndroidManifest.xml:57:9-75:20
	android:launchMode
		ADDED from src/main/AndroidManifest.xml:59:13-43
	android:name
		ADDED from src/main/AndroidManifest.xml:58:13-73
intent-filter#android.intent.action.MAIN+android.intent.category.LAUNCHER
ADDED from src/main/AndroidManifest.xml:60:13-63:29
action#android.intent.action.MAIN
ADDED from src/main/AndroidManifest.xml:61:17-69
	android:name
		ADDED from src/main/AndroidManifest.xml:61:25-66
category#android.intent.category.LAUNCHER
ADDED from src/main/AndroidManifest.xml:62:17-77
	android:name
		ADDED from src/main/AndroidManifest.xml:62:27-74
intent-filter#android.intent.category.DEFAULT+com.battlelancer.seriesguide.api.action.VIEW_EPISODE+com.battlelancer.seriesguide.api.action.VIEW_SHOW
ADDED from src/main/AndroidManifest.xml:64:13-69:29
action#com.battlelancer.seriesguide.api.action.VIEW_EPISODE
ADDED from src/main/AndroidManifest.xml:65:17-95
	android:name
		ADDED from src/main/AndroidManifest.xml:65:25-92
action#com.battlelancer.seriesguide.api.action.VIEW_SHOW
ADDED from src/main/AndroidManifest.xml:66:17-92
	android:name
		ADDED from src/main/AndroidManifest.xml:66:25-89
category#android.intent.category.DEFAULT
ADDED from src/main/AndroidManifest.xml:68:17-76
	android:name
		ADDED from src/main/AndroidManifest.xml:68:27-73
meta-data#android.app.shortcuts
ADDED from src/main/AndroidManifest.xml:72:13-74:53
	android:resource
		ADDED from src/main/AndroidManifest.xml:74:17-50
	android:name
		ADDED from src/main/AndroidManifest.xml:73:17-53
activity#com.battlelancer.seriesguide.backend.CloudSetupActivity
ADDED from src/main/AndroidManifest.xml:78:9-80:47
	android:label
		ADDED from src/main/AndroidManifest.xml:80:13-44
	android:name
		ADDED from src/main/AndroidManifest.xml:79:13-83
activity#com.battlelancer.seriesguide.ui.OverviewActivity
ADDED from src/main/AndroidManifest.xml:83:9-94:20
	android:parentActivityName
		ADDED from src/main/AndroidManifest.xml:86:13-87
	android:exported
		ADDED from src/main/AndroidManifest.xml:85:13-36
	android:name
		ADDED from src/main/AndroidManifest.xml:84:13-76
meta-data#android.app.default_searchable
ADDED from src/main/AndroidManifest.xml:87:13-89:82
	android:value
		ADDED from src/main/AndroidManifest.xml:89:17-79
	android:name
		ADDED from src/main/AndroidManifest.xml:88:17-62
meta-data#android.support.PARENT_ACTIVITY
ADDED from src/main/AndroidManifest.xml:91:13-93:81
	android:value
		ADDED from src/main/AndroidManifest.xml:93:17-78
	android:name
		ADDED from src/main/AndroidManifest.xml:92:17-63
activity#com.battlelancer.seriesguide.ui.EpisodesActivity
ADDED from src/main/AndroidManifest.xml:95:9-85
	android:name
		ADDED from src/main/AndroidManifest.xml:95:19-82
activity#com.battlelancer.seriesguide.ui.EpisodeDetailsActivity
ADDED from src/main/AndroidManifest.xml:96:9-91
	android:name
		ADDED from src/main/AndroidManifest.xml:96:19-88
activity#com.battlelancer.seriesguide.ui.ListsActivity
ADDED from src/main/AndroidManifest.xml:97:9-99:45
	android:label
		ADDED from src/main/AndroidManifest.xml:99:13-42
	android:name
		ADDED from src/main/AndroidManifest.xml:98:13-73
activity#com.battlelancer.seriesguide.ui.HistoryActivity
ADDED from src/main/AndroidManifest.xml:100:9-102:51
	android:label
		ADDED from src/main/AndroidManifest.xml:102:13-48
	android:name
		ADDED from src/main/AndroidManifest.xml:101:13-75
activity#com.battlelancer.seriesguide.ui.MoviesActivity
ADDED from src/main/AndroidManifest.xml:105:9-107:46
	android:label
		ADDED from src/main/AndroidManifest.xml:107:13-43
	android:name
		ADDED from src/main/AndroidManifest.xml:106:13-74
activity#com.battlelancer.seriesguide.ui.MoviesSearchActivity
ADDED from src/main/AndroidManifest.xml:108:9-116:20
	android:parentActivityName
		ADDED from src/main/AndroidManifest.xml:110:13-88
	android:windowSoftInputMode
		ADDED from src/main/AndroidManifest.xml:111:13-54
	android:name
		ADDED from src/main/AndroidManifest.xml:109:13-80
activity#com.battlelancer.seriesguide.ui.MovieDetailsActivity
ADDED from src/main/AndroidManifest.xml:117:9-124:20
	android:parentActivityName
		ADDED from src/main/AndroidManifest.xml:119:13-88
	android:name
		ADDED from src/main/AndroidManifest.xml:118:13-80
activity#com.battlelancer.seriesguide.ui.SeriesGuidePreferences
ADDED from src/main/AndroidManifest.xml:127:9-142:20
	android:label
		ADDED from src/main/AndroidManifest.xml:129:13-48
	android:name
		ADDED from src/main/AndroidManifest.xml:128:13-82
intent-filter#android.intent.action.MANAGE_NETWORK_USAGE+android.intent.category.DEFAULT
ADDED from src/main/AndroidManifest.xml:134:13-137:29
action#android.intent.action.MANAGE_NETWORK_USAGE
ADDED from src/main/AndroidManifest.xml:135:17-85
	android:name
		ADDED from src/main/AndroidManifest.xml:135:25-82
intent-filter#android.intent.action.MAIN+android.intent.category.NOTIFICATION_PREFERENCES
ADDED from src/main/AndroidManifest.xml:138:13-141:29
category#android.intent.category.NOTIFICATION_PREFERENCES
ADDED from src/main/AndroidManifest.xml:140:17-93
	android:name
		ADDED from src/main/AndroidManifest.xml:140:27-90
activity#com.battlelancer.seriesguide.extensions.ExtensionsConfigurationActivity
ADDED from src/main/AndroidManifest.xml:143:9-146:67
	android:label
		ADDED from src/main/AndroidManifest.xml:146:13-64
	android:exported
		ADDED from src/main/AndroidManifest.xml:145:13-36
	android:name
		ADDED from src/main/AndroidManifest.xml:144:13-99
activity#com.battlelancer.seriesguide.ui.BackupDeleteActivity
ADDED from src/main/AndroidManifest.xml:149:9-151:46
	android:label
		ADDED from src/main/AndroidManifest.xml:151:13-43
	android:name
		ADDED from src/main/AndroidManifest.xml:150:13-80
activity#com.battlelancer.seriesguide.dataliberation.DataLiberationActivity
ADDED from src/main/AndroidManifest.xml:152:9-154:46
	android:label
		ADDED from src/main/AndroidManifest.xml:154:13-43
	android:name
		ADDED from src/main/AndroidManifest.xml:153:13-94
activity#com.battlelancer.seriesguide.ui.ConnectTraktActivity
ADDED from src/main/AndroidManifest.xml:157:9-159:53
	android:label
		ADDED from src/main/AndroidManifest.xml:159:13-50
	android:name
		ADDED from src/main/AndroidManifest.xml:158:13-80
activity#com.battlelancer.seriesguide.traktapi.TraktAuthActivity
ADDED from src/main/AndroidManifest.xml:160:9-173:20
	android:label
		ADDED from src/main/AndroidManifest.xml:162:13-50
	android:launchMode
		ADDED from src/main/AndroidManifest.xml:163:13-44
	android:name
		ADDED from src/main/AndroidManifest.xml:161:13-83
intent-filter#android.intent.action.VIEW+android.intent.category.BROWSABLE+android.intent.category.DEFAULT
ADDED from src/main/AndroidManifest.xml:165:13-172:29
action#android.intent.action.VIEW
ADDED from src/main/AndroidManifest.xml:166:17-69
	android:name
		ADDED from src/main/AndroidManifest.xml:166:25-66
category#android.intent.category.BROWSABLE
ADDED from src/main/AndroidManifest.xml:169:17-78
	android:name
		ADDED from src/main/AndroidManifest.xml:169:27-75
data
ADDED from src/main/AndroidManifest.xml:171:17-50
	android:scheme
		ADDED from src/main/AndroidManifest.xml:171:23-47
activity#com.battlelancer.seriesguide.ui.TraktCommentsActivity
ADDED from src/main/AndroidManifest.xml:174:9-176:57
	android:windowSoftInputMode
		ADDED from src/main/AndroidManifest.xml:176:13-54
	android:name
		ADDED from src/main/AndroidManifest.xml:175:13-81
activity#com.battlelancer.seriesguide.billing.BillingActivity
ADDED from src/main/AndroidManifest.xml:179:9-89
	android:name
		ADDED from src/main/AndroidManifest.xml:179:19-86
activity#com.battlelancer.seriesguide.ui.StatsActivity
ADDED from src/main/AndroidManifest.xml:180:9-182:50
	android:label
		ADDED from src/main/AndroidManifest.xml:182:13-47
	android:name
		ADDED from src/main/AndroidManifest.xml:181:13-73
activity#com.battlelancer.seriesguide.ui.SearchActivity
ADDED from src/main/AndroidManifest.xml:183:9-214:20
	android:launchMode
		ADDED from src/main/AndroidManifest.xml:185:13-43
	android:windowSoftInputMode
		ADDED from src/main/AndroidManifest.xml:186:13-54
	android:name
		ADDED from src/main/AndroidManifest.xml:184:13-74
intent-filter#android.intent.action.SEARCH
ADDED from src/main/AndroidManifest.xml:188:13-190:29
action#android.intent.action.SEARCH
ADDED from src/main/AndroidManifest.xml:189:17-71
	android:name
		ADDED from src/main/AndroidManifest.xml:189:25-68
meta-data#android.app.searchable
ADDED from src/main/AndroidManifest.xml:191:13-193:54
	android:resource
		ADDED from src/main/AndroidManifest.xml:193:17-51
	android:name
		ADDED from src/main/AndroidManifest.xml:192:17-54
intent-filter#android.intent.category.DEFAULT+com.google.android.gms.actions.SEARCH_ACTION
ADDED from src/main/AndroidManifest.xml:196:13-199:29
action#com.google.android.gms.actions.SEARCH_ACTION
ADDED from src/main/AndroidManifest.xml:197:17-87
	android:name
		ADDED from src/main/AndroidManifest.xml:197:25-84
intent-filter#android.intent.action.SEND+android.intent.category.DEFAULT
ADDED from src/main/AndroidManifest.xml:202:13-206:29
action#android.intent.action.SEND
ADDED from src/main/AndroidManifest.xml:203:17-69
	android:name
		ADDED from src/main/AndroidManifest.xml:203:25-66
intent-filter#android.intent.category.DEFAULT+android.nfc.action.NDEF_DISCOVERED
ADDED from src/main/AndroidManifest.xml:209:13-213:29
action#android.nfc.action.NDEF_DISCOVERED
ADDED from src/main/AndroidManifest.xml:210:17-77
	android:name
		ADDED from src/main/AndroidManifest.xml:210:25-74
activity#com.battlelancer.seriesguide.ui.QuickCheckInActivity
ADDED from src/main/AndroidManifest.xml:215:9-218:85
	android:exported
		ADDED from src/main/AndroidManifest.xml:217:13-36
	android:taskAffinity
		ADDED from src/main/AndroidManifest.xml:218:13-82
	android:name
		ADDED from src/main/AndroidManifest.xml:216:13-80
activity#com.battlelancer.seriesguide.ui.HelpActivity
ADDED from src/main/AndroidManifest.xml:219:9-225:20
	android:label
		ADDED from src/main/AndroidManifest.xml:221:13-41
	android:name
		ADDED from src/main/AndroidManifest.xml:220:13-72
activity#com.battlelancer.seriesguide.ui.FullscreenImageActivity
ADDED from src/main/AndroidManifest.xml:226:9-228:77
	android:configChanges
		ADDED from src/main/AndroidManifest.xml:228:13-74
	android:name
		ADDED from src/main/AndroidManifest.xml:227:13-83
activity#com.battlelancer.seriesguide.ui.PeopleActivity
ADDED from src/main/AndroidManifest.xml:229:9-83
	android:name
		ADDED from src/main/AndroidManifest.xml:229:19-80
activity#com.battlelancer.seriesguide.ui.PersonActivity
ADDED from src/main/AndroidManifest.xml:230:9-83
	android:name
		ADDED from src/main/AndroidManifest.xml:230:19-80
service#com.battlelancer.seriesguide.service.UnwatchedUpdaterService
ADDED from src/main/AndroidManifest.xml:233:9-96
	android:name
		ADDED from src/main/AndroidManifest.xml:233:18-93
service#com.battlelancer.seriesguide.service.NotificationService
ADDED from src/main/AndroidManifest.xml:236:9-92
	android:name
		ADDED from src/main/AndroidManifest.xml:236:18-89
receiver#com.battlelancer.seriesguide.service.NotificationActionReceiver
ADDED from src/main/AndroidManifest.xml:238:9-100
	android:name
		ADDED from src/main/AndroidManifest.xml:238:19-97
receiver#com.battlelancer.seriesguide.service.OnAlarmReceiver
ADDED from src/main/AndroidManifest.xml:240:9-244:20
	android:name
		ADDED from src/main/AndroidManifest.xml:240:19-86
intent-filter#android.intent.action.BOOT_COMPLETED
ADDED from src/main/AndroidManifest.xml:241:13-243:29
action#android.intent.action.BOOT_COMPLETED
ADDED from src/main/AndroidManifest.xml:242:17-79
	android:name
		ADDED from src/main/AndroidManifest.xml:242:25-76
receiver#com.battlelancer.seriesguide.customtabs.FeedbackBroadcastReceiver
ADDED from src/main/AndroidManifest.xml:247:9-102
	android:name
		ADDED from src/main/AndroidManifest.xml:247:19-99
activity#com.battlelancer.seriesguide.appwidget.ListWidgetConfigure
ADDED from src/main/AndroidManifest.xml:250:9-256:20
	android:taskAffinity
		ADDED from src/main/AndroidManifest.xml:252:13-83
	android:name
		ADDED from src/main/AndroidManifest.xml:251:13-86
intent-filter#android.appwidget.action.APPWIDGET_CONFIGURE
ADDED from src/main/AndroidManifest.xml:253:13-255:29
action#android.appwidget.action.APPWIDGET_CONFIGURE
ADDED from src/main/AndroidManifest.xml:254:17-87
	android:name
		ADDED from src/main/AndroidManifest.xml:254:25-84
receiver#com.battlelancer.seriesguide.appwidget.ListWidgetProvider
ADDED from src/main/AndroidManifest.xml:259:9-272:20
	android:label
		ADDED from src/main/AndroidManifest.xml:261:13-45
	android:name
		ADDED from src/main/AndroidManifest.xml:260:13-85
intent-filter#android.appwidget.action.APPWIDGET_UPDATE
ADDED from src/main/AndroidManifest.xml:262:13-264:29
action#android.appwidget.action.APPWIDGET_UPDATE
ADDED from src/main/AndroidManifest.xml:263:17-84
	android:name
		ADDED from src/main/AndroidManifest.xml:263:25-81
intent-filter#com.battlelancer.seriesguide.appwidget.UPDATE
ADDED from src/main/AndroidManifest.xml:265:13-267:29
action#com.battlelancer.seriesguide.appwidget.UPDATE
ADDED from src/main/AndroidManifest.xml:266:17-88
	android:name
		ADDED from src/main/AndroidManifest.xml:266:25-85
meta-data#android.appwidget.provider
ADDED from src/main/AndroidManifest.xml:269:13-271:62
	android:resource
		ADDED from src/main/AndroidManifest.xml:271:17-59
	android:name
		ADDED from src/main/AndroidManifest.xml:270:17-58
service#com.battlelancer.seriesguide.appwidget.ListWidgetService
ADDED from src/main/AndroidManifest.xml:273:9-275:72
	android:permission
		ADDED from src/main/AndroidManifest.xml:275:13-69
	android:name
		ADDED from src/main/AndroidManifest.xml:274:13-84
receiver#com.battlelancer.seriesguide.appwidget.AppWidget
ADDED from src/main/AndroidManifest.xml:277:9-288:20
	android:enabled
		ADDED from src/main/AndroidManifest.xml:279:13-62
	android:label
		ADDED from src/main/AndroidManifest.xml:280:13-48
	android:name
		ADDED from src/main/AndroidManifest.xml:278:13-76
service#com.battlelancer.seriesguide.appwidget.AppWidget$UpdateService
ADDED from src/main/AndroidManifest.xml:289:9-291:65
	android:enabled
		ADDED from src/main/AndroidManifest.xml:291:13-62
	android:name
		ADDED from src/main/AndroidManifest.xml:290:13-90
service#com.battlelancer.seriesguide.dashclock.UpcomingEpisodeExtension
ADDED from src/main/AndroidManifest.xml:294:9-315:19
	android:label
		ADDED from src/main/AndroidManifest.xml:297:13-62
	android:permission
		ADDED from src/main/AndroidManifest.xml:298:13-98
	android:icon
		ADDED from src/main/AndroidManifest.xml:296:13-53
	android:name
		ADDED from src/main/AndroidManifest.xml:295:13-91
intent-filter#com.google.android.apps.dashclock.Extension
ADDED from src/main/AndroidManifest.xml:299:13-301:29
action#com.google.android.apps.dashclock.Extension
ADDED from src/main/AndroidManifest.xml:300:17-86
	android:name
		ADDED from src/main/AndroidManifest.xml:300:25-83
meta-data#protocolVersion
ADDED from src/main/AndroidManifest.xml:303:13-305:37
	android:value
		ADDED from src/main/AndroidManifest.xml:305:17-34
	android:name
		ADDED from src/main/AndroidManifest.xml:304:17-47
meta-data#worldReadable
ADDED from src/main/AndroidManifest.xml:306:13-308:40
	android:value
		ADDED from src/main/AndroidManifest.xml:308:17-37
	android:name
		ADDED from src/main/AndroidManifest.xml:307:17-45
meta-data#description
ADDED from src/main/AndroidManifest.xml:309:13-311:75
	android:value
		ADDED from src/main/AndroidManifest.xml:311:17-72
	android:name
		ADDED from src/main/AndroidManifest.xml:310:17-43
meta-data#settingsActivity
ADDED from src/main/AndroidManifest.xml:312:13-314:106
	android:value
		ADDED from src/main/AndroidManifest.xml:314:17-103
	android:name
		ADDED from src/main/AndroidManifest.xml:313:17-48
activity#com.battlelancer.seriesguide.dashclock.UpcomingEpisodeSettingsActivity
ADDED from src/main/AndroidManifest.xml:317:9-319:39
	android:exported
		ADDED from src/main/AndroidManifest.xml:319:13-36
	android:name
		ADDED from src/main/AndroidManifest.xml:318:13-98
service#com.battlelancer.seriesguide.extensions.ExtensionSubscriberService
ADDED from src/main/AndroidManifest.xml:322:9-324:39
	android:exported
		ADDED from src/main/AndroidManifest.xml:324:13-36
	android:name
		ADDED from src/main/AndroidManifest.xml:323:13-94
service#com.battlelancer.seriesguide.extensions.AmazonExtension
ADDED from src/main/AndroidManifest.xml:327:9-338:19
	android:label
		ADDED from src/main/AndroidManifest.xml:331:13-53
	android:icon
		ADDED from src/main/AndroidManifest.xml:330:13-49
	android:description
		ADDED from src/main/AndroidManifest.xml:329:13-71
	android:name
		ADDED from src/main/AndroidManifest.xml:328:13-83
intent-filter#com.battlelancer.seriesguide.api.SeriesGuideExtension
ADDED from src/main/AndroidManifest.xml:332:13-334:29
action#com.battlelancer.seriesguide.api.SeriesGuideExtension
ADDED from src/main/AndroidManifest.xml:333:17-96
	android:name
		ADDED from src/main/AndroidManifest.xml:333:25-93
service#com.battlelancer.seriesguide.extensions.YouTubeExtension
ADDED from src/main/AndroidManifest.xml:339:9-347:19
	android:label
		ADDED from src/main/AndroidManifest.xml:343:13-54
	android:icon
		ADDED from src/main/AndroidManifest.xml:342:13-49
	android:description
		ADDED from src/main/AndroidManifest.xml:341:13-72
	android:name
		ADDED from src/main/AndroidManifest.xml:340:13-84
service#com.battlelancer.seriesguide.extensions.WebSearchExtension
ADDED from src/main/AndroidManifest.xml:348:9-356:19
	android:label
		ADDED from src/main/AndroidManifest.xml:352:13-47
	android:icon
		ADDED from src/main/AndroidManifest.xml:351:13-49
	android:description
		ADDED from src/main/AndroidManifest.xml:350:13-75
	android:name
		ADDED from src/main/AndroidManifest.xml:349:13-86
receiver#com.battlelancer.seriesguide.extensions.ExtensionPackageChangeReceiver
ADDED from src/main/AndroidManifest.xml:359:9-367:20
	android:name
		ADDED from src/main/AndroidManifest.xml:359:19-104
intent-filter#android.intent.action.PACKAGE_CHANGED+android.intent.action.PACKAGE_REMOVED+android.intent.action.PACKAGE_REPLACED
ADDED from src/main/AndroidManifest.xml:360:13-366:29
action#android.intent.action.PACKAGE_CHANGED
ADDED from src/main/AndroidManifest.xml:361:17-80
	android:name
		ADDED from src/main/AndroidManifest.xml:361:25-77
action#android.intent.action.PACKAGE_REPLACED
ADDED from src/main/AndroidManifest.xml:362:17-81
	android:name
		ADDED from src/main/AndroidManifest.xml:362:25-78
action#android.intent.action.PACKAGE_REMOVED
ADDED from src/main/AndroidManifest.xml:363:17-80
	android:name
		ADDED from src/main/AndroidManifest.xml:363:25-77
service#com.battlelancer.seriesguide.sync.SgAuthenticationService
ADDED from src/main/AndroidManifest.xml:370:9-380:19
	android:exported
		ADDED from src/main/AndroidManifest.xml:372:13-36
	android:name
		ADDED from src/main/AndroidManifest.xml:371:13-85
intent-filter#android.accounts.AccountAuthenticator
ADDED from src/main/AndroidManifest.xml:373:13-375:29
action#android.accounts.AccountAuthenticator
ADDED from src/main/AndroidManifest.xml:374:17-80
	android:name
		ADDED from src/main/AndroidManifest.xml:374:25-77
meta-data#android.accounts.AccountAuthenticator
ADDED from src/main/AndroidManifest.xml:377:13-379:55
	android:resource
		ADDED from src/main/AndroidManifest.xml:379:17-52
	android:name
		ADDED from src/main/AndroidManifest.xml:378:17-69
service#com.battlelancer.seriesguide.sync.SgSyncService
ADDED from src/main/AndroidManifest.xml:381:9-391:19
	android:exported
		ADDED from src/main/AndroidManifest.xml:383:13-36
	android:name
		ADDED from src/main/AndroidManifest.xml:382:13-75
intent-filter#android.content.SyncAdapter
ADDED from src/main/AndroidManifest.xml:384:13-386:29
action#android.content.SyncAdapter
ADDED from src/main/AndroidManifest.xml:385:17-70
	android:name